-------------------------------------------------------------------------------
Test set: com.teste.sicredi.gerenciador.votos.api.GerenciadorVotosApiApplicationTests
-------------------------------------------------------------------------------
Tests run: 1, Failures: 0, Errors: 1, Skipped: 0, Time elapsed: 3.702 s <<< FAILURE! - in com.teste.sicredi.gerenciador.votos.api.GerenciadorVotosApiApplicationTests
contextLoads  Time elapsed: 0.007 s  <<< ERROR!
java.lang.IllegalStateException: Failed to load ApplicationContext
Caused by: org.springframework.beans.factory.UnsatisfiedDependencyException: Error creating bean with name 'pautaController' defined in file [/Users/pedrokeppen/develop/Interview/gerenciador-votos-api/target/classes/com/teste/sicredi/gerenciador/votos/api/controller/PautaController.class]: Unsatisfied dependency expressed through constructor parameter 0; nested exception is org.springframework.beans.factory.UnsatisfiedDependencyException: Error creating bean with name 'pautaServiceImpl' defined in file [/Users/pedrokeppen/develop/Interview/gerenciador-votos-api/target/classes/com/teste/sicredi/gerenciador/votos/api/service/impl/PautaServiceImpl.class]: Unsatisfied dependency expressed through constructor parameter 1; nested exception is org.springframework.beans.factory.BeanCreationException: Error creating bean with name 'pautaRepository' defined in com.teste.sicredi.gerenciador.votos.api.repository.PautaRepository defined in @EnableJpaRepositories declared on JpaRepositoriesRegistrar.EnableJpaRepositoriesConfiguration: Invocation of init method failed; nested exception is java.lang.IllegalArgumentException: Not a managed type: class com.teste.sicredi.gerenciador.votos.api.model.Pauta
Caused by: org.springframework.beans.factory.UnsatisfiedDependencyException: Error creating bean with name 'pautaServiceImpl' defined in file [/Users/pedrokeppen/develop/Interview/gerenciador-votos-api/target/classes/com/teste/sicredi/gerenciador/votos/api/service/impl/PautaServiceImpl.class]: Unsatisfied dependency expressed through constructor parameter 1; nested exception is org.springframework.beans.factory.BeanCreationException: Error creating bean with name 'pautaRepository' defined in com.teste.sicredi.gerenciador.votos.api.repository.PautaRepository defined in @EnableJpaRepositories declared on JpaRepositoriesRegistrar.EnableJpaRepositoriesConfiguration: Invocation of init method failed; nested exception is java.lang.IllegalArgumentException: Not a managed type: class com.teste.sicredi.gerenciador.votos.api.model.Pauta
Caused by: org.springframework.beans.factory.BeanCreationException: Error creating bean with name 'pautaRepository' defined in com.teste.sicredi.gerenciador.votos.api.repository.PautaRepository defined in @EnableJpaRepositories declared on JpaRepositoriesRegistrar.EnableJpaRepositoriesConfiguration: Invocation of init method failed; nested exception is java.lang.IllegalArgumentException: Not a managed type: class com.teste.sicredi.gerenciador.votos.api.model.Pauta
Caused by: java.lang.IllegalArgumentException: Not a managed type: class com.teste.sicredi.gerenciador.votos.api.model.Pauta

